Arguments: 
  C:\Program Files\nodejs\node.exe C:\Users\bruno\AppData\Roaming\npm\node_modules\yarn\bin\yarn.js add @thirdweb-dev

PATH: 
  C:\Python311\Scripts\;C:\Python311\;C:\Windows\system32;C:\Windows;C:\Windows\System32\Wbem;C:\Windows\System32\WindowsPowerShell\v1.0\;C:\Windows\System32\OpenSSH\;C:\ProgramData\chocolatey\bin;C:\Program Files\nodejs\;C:\Program Files\Git\cmd;C:\Program Files\PuTTY\;C:\Users\bruno\.local\share\solana\install\active_release\bin;C:\Users\bruno\.cargo\bin;C:\Users\bruno\AppData\Local\Microsoft\WindowsApps;C:\Users\bruno\AppData\Local\Programs\Microsoft VS Code\bin;C:\Users\bruno\AppData\Local\GitHubDesktop\bin;C:\Users\bruno\AppData\Roaming\npm

Yarn version: 
  1.22.19

Node version: 
  16.16.0

Platform: 
  win32 x64

Trace: 
  Error: https://registry.yarnpkg.com/@thirdweb-dev: Request "https://registry.yarnpkg.com/@thirdweb-dev" returned a 405
      at Request.params.callback [as _callback] (C:\Users\bruno\AppData\Roaming\npm\node_modules\yarn\lib\cli.js:66154:18)
      at Request.self.callback (C:\Users\bruno\AppData\Roaming\npm\node_modules\yarn\lib\cli.js:140890:22)
      at Request.emit (node:events:527:28)
      at Request.<anonymous> (C:\Users\bruno\AppData\Roaming\npm\node_modules\yarn\lib\cli.js:141862:10)
      at Request.emit (node:events:527:28)
      at IncomingMessage.<anonymous> (C:\Users\bruno\AppData\Roaming\npm\node_modules\yarn\lib\cli.js:141784:12)
      at Object.onceWrapper (node:events:641:28)
      at IncomingMessage.emit (node:events:539:35)
      at endReadableNT (node:internal/streams/readable:1345:12)
      at processTicksAndRejections (node:internal/process/task_queues:83:21)

npm manifest: 
  {
    "name": "forge-starter",
    "version": "1.0.0",
    "main": "index.js",
    "repository": "https://github.com/thirdweb-example/forge-starter.git",
    "author": "thirdweb <eng@thirdweb.com>",
    "license": "MIT",
    "dependencies": {
      "@thirdweb-dev/contracts": "^3"
    },
    "scripts": {
      "build": "npx thirdweb@latest detect",
      "deploy": "npx thirdweb@latest deploy",
      "release": "npx thirdweb@latest release"
    }
  }

yarn manifest: 
  No manifest

Lockfile: 
  # THIS IS AN AUTOGENERATED FILE. DO NOT EDIT THIS FILE DIRECTLY.
  # yarn lockfile v1
  
  
  "@thirdweb-dev/contracts@^3":
    version "3.4.2"
    resolved "https://registry.yarnpkg.com/@thirdweb-dev/contracts/-/contracts-3.4.2.tgz#030eb87aff70223aa92316e4829195871f94f3d1"
    integrity sha512-mfEm+EeDhZSuCjm5Ig/EgGWamxGMN9tPc0c+l/bU1/uRzEnEw5nzHH8y5H0snjXn6r2oJ9V0FTN956699MHSfg==
